Arguments: 
  /home/stevan/.nvm/versions/node/v14.15.3/bin/node /mnt/c/Program Files (x86)/Yarn/bin/yarn.js add ampqlib pg dotenv nodemailer

PATH: 
  /home/stevan/.nvm/versions/node/v14.15.3/bin:/usr/local/sbin:/usr/local/bin:/usr/sbin:/usr/bin:/sbin:/bin:/usr/games:/usr/local/games:/mnt/c/Program Files/Common Files/Oracle/Java/javapath:/mnt/c/WINDOWS/system32:/mnt/c/WINDOWS:/mnt/c/WINDOWS/System32/Wbem:/mnt/c/WINDOWS/System32/WindowsPowerShell/v1.0/:/mnt/c/WINDOWS/System32/OpenSSH/:/mnt/c/Program Files/Microsoft SQL Server/130/Tools/Binn/:/mnt/c/Program Files (x86)/Yarn/bin/:/mnt/c/Program Files/Git/cmd:/mnt/c/Program Files (x86)/nodejs/:/mnt/c/Program Files/Docker/Docker/resources/bin:/mnt/c/ProgramData/DockerDesktop/version-bin:/mnt/c/Users/Stevan/AppData/Local/Microsoft/WindowsApps:/mnt/c/Users/Stevan/AppData/Local/Programs/Microsoft VS Code/bin:/mnt/c/Users/Stevan/AppData/Local/Yarn/bin:/mnt/c/Users/Stevan/AppData/Roaming/npm:/snap/bin

Yarn version: 
  1.22.5

Node version: 
  14.15.3

Platform: 
  linux x64

Trace: 
  Error: https://registry.yarnpkg.com/ampqlib: Not found
      at Request.params.callback [as _callback] (/mnt/c/Program Files (x86)/Yarn/lib/cli.js:66097:18)
      at Request.self.callback (/mnt/c/Program Files (x86)/Yarn/lib/cli.js:140749:22)
      at Request.emit (events.js:315:20)
      at Request.<anonymous> (/mnt/c/Program Files (x86)/Yarn/lib/cli.js:141721:10)
      at Request.emit (events.js:315:20)
      at IncomingMessage.<anonymous> (/mnt/c/Program Files (x86)/Yarn/lib/cli.js:141643:12)
      at Object.onceWrapper (events.js:421:28)
      at IncomingMessage.emit (events.js:327:22)
      at endReadableNT (internal/streams/readable.js:1327:12)
      at processTicksAndRejections (internal/process/task_queues.js:80:21)

npm manifest: 
  {
    "name": "open-music-queue-consumer",
    "version": "1.0.0",
    "main": "index.js",
    "repository": "https://github.com/stevan11leonardy/open-music-queue-consumer.git",
    "author": "Stevan Leonardy",
    "license": "MIT"
  }

yarn manifest: 
  No manifest

Lockfile: 
  No lockfile
